Determining if the pthread_create exist failed with the following output:
Change Dir: /home/manu5535/Documents/Qt/Gladiadores/GaldServer/cmake-build-debug/CMakeFiles/CMakeTmp

Run Build Command(s):/usr/bin/make cmTC_c97a1/fast 
/usr/bin/make -f CMakeFiles/cmTC_c97a1.dir/build.make CMakeFiles/cmTC_c97a1.dir/build
make[1]: Entering directory '/home/manu5535/Documents/Qt/Gladiadores/GaldServer/cmake-build-debug/CMakeFiles/CMakeTmp'
Building C object CMakeFiles/cmTC_c97a1.dir/CheckSymbolExists.c.o
/usr/bin/cc    -o CMakeFiles/cmTC_c97a1.dir/CheckSymbolExists.c.o   -c /home/manu5535/Documents/Qt/Gladiadores/GaldServer/cmake-build-debug/CMakeFiles/CMakeTmp/CheckSymbolExists.c
Linking C executable cmTC_c97a1
/opt/clion-2018.3.4/bin/cmake/linux/bin/cmake -E cmake_link_script CMakeFiles/cmTC_c97a1.dir/link.txt --verbose=1
/usr/bin/cc      CMakeFiles/cmTC_c97a1.dir/CheckSymbolExists.c.o  -o cmTC_c97a1 
CMakeFiles/cmTC_c97a1.dir/CheckSymbolExists.c.o: In function `main':
CheckSymbolExists.c:(.text+0x1b): undefined reference to `pthread_create'
collect2: error: ld returned 1 exit status
CMakeFiles/cmTC_c97a1.dir/build.make:86: recipe for target 'cmTC_c97a1' failed
make[1]: *** [cmTC_c97a1] Error 1
make[1]: Leaving directory '/home/manu5535/Documents/Qt/Gladiadores/GaldServer/cmake-build-debug/CMakeFiles/CMakeTmp'
Makefile:121: recipe for target 'cmTC_c97a1/fast' failed
make: *** [cmTC_c97a1/fast] Error 2

File /home/manu5535/Documents/Qt/Gladiadores/GaldServer/cmake-build-debug/CMakeFiles/CMakeTmp/CheckSymbolExists.c:
/* */
#include <pthread.h>

int main(int argc, char** argv)
{
  (void)argv;
#ifndef pthread_create
  return ((int*)(&pthread_create))[argc];
#else
  (void)argc;
  return 0;
#endif
}

Determining if the function pthread_create exists in the pthreads failed with the following output:
Change Dir: /home/manu5535/Documents/Qt/Gladiadores/GaldServer/cmake-build-debug/CMakeFiles/CMakeTmp

Run Build Command(s):/usr/bin/make cmTC_000ac/fast 
/usr/bin/make -f CMakeFiles/cmTC_000ac.dir/build.make CMakeFiles/cmTC_000ac.dir/build
make[1]: Entering directory '/home/manu5535/Documents/Qt/Gladiadores/GaldServer/cmake-build-debug/CMakeFiles/CMakeTmp'
Building C object CMakeFiles/cmTC_000ac.dir/CheckFunctionExists.c.o
/usr/bin/cc   -DCHECK_FUNCTION_EXISTS=pthread_create   -o CMakeFiles/cmTC_000ac.dir/CheckFunctionExists.c.o   -c /opt/clion-2018.3.4/bin/cmake/linux/share/cmake-3.14/Modules/CheckFunctionExists.c
Linking C executable cmTC_000ac
/opt/clion-2018.3.4/bin/cmake/linux/bin/cmake -E cmake_link_script CMakeFiles/cmTC_000ac.dir/link.txt --verbose=1
/usr/bin/cc  -DCHECK_FUNCTION_EXISTS=pthread_create    CMakeFiles/cmTC_000ac.dir/CheckFunctionExists.c.o  -o cmTC_000ac -lpthreads 
/usr/bin/ld: cannot find -lpthreads
collect2: error: ld returned 1 exit status
CMakeFiles/cmTC_000ac.dir/build.make:86: recipe for target 'cmTC_000ac' failed
make[1]: *** [cmTC_000ac] Error 1
make[1]: Leaving directory '/home/manu5535/Documents/Qt/Gladiadores/GaldServer/cmake-build-debug/CMakeFiles/CMakeTmp'
Makefile:121: recipe for target 'cmTC_000ac/fast' failed
make: *** [cmTC_000ac/fast] Error 2


